<?xml version="1.0" encoding="UTF-8"?>
<!-- Generated by org.testng.reporters.JUnitReportReporter -->
<testsuite hostname="Akhanshas-MacBook-Pro.local" failures="3" tests="4" name="com.jiverjinxDocs.tests.RedirectTest" time="46.466" errors="0" timestamp="2026-03-24T13:17:30 IST" skipped="0">
  <testcase classname="com.jiverjinxDocs.tests.RedirectTest" name="verifyStudentAppOverviewSideNav" time="16.938">
    <failure message="The following asserts failed:
	[Student App Overview] [ID=29] [School Web Portal › Incidents] Link: &quot;How to View and Add People Involved&quot; | H1: &quot;How to View and Add People Involved in Incident&quot; | URL: https://docs.jiverjinx.com/web-portal/features/incidents/people-involved/ expected [true] but found [false],
	[Student App Overview] [ID=40] [School Web Portal › School] Link: &quot;How to Update a School Logo?&quot; | H1: &quot;How to Update a School Logo&quot; | URL: https://docs.jiverjinx.com/web-portal/features/school/update-logo/ expected [true] but found [false],
	[Student App Overview] [ID=41] [School Web Portal › School] Link: &quot;How to Change School Name and Contact Details?&quot; | H1: &quot;How to Change School Name and Contact Details&quot; | URL: https://docs.jiverjinx.com/web-portal/features/school/change-name-contact/ expected [true] but found [false],
	[Student App Overview] [ID=42] [School Web Portal › School] Link: &quot;How to Set a Brand Color of the School?&quot; | H1: &quot;How to Set a Brand Color of the School&quot; | URL: https://docs.jiverjinx.com/web-portal/features/school/set-brand-color/ expected [true] but found [false],
	[Student App Overview] [ID=43] [School Web Portal › School] Link: &quot;How to Configure Grade and Class Globally?&quot; | H1: &quot;How to Configure Grade and Class Globally&quot; | URL: https://docs.jiverjinx.com/web-portal/features/school/configure-grade-class/ expected [true] but found [false],
	[Student App Overview] [ID=56] [School Web Portal › Chat Groups] Link: &quot;How to Add or Remove Student Representative&quot; | H1: &quot;How to Add or Remove Student Representatives&quot; | URL: https://docs.jiverjinx.com/web-portal/features/chat-groups/manage-representatives/ expected [true] but found [false],
	[Student App Overview] [ID=82] [Student App › Incidents] Link: &quot;What Does Requested Confidentiality Mean&quot; | H1: &quot;What Does Requested Confidentiality Mean?&quot; | URL: https://docs.jiverjinx.com/student-app/incidents/requested-confidentiality/ expected [true] but found [false],
	[Student App Overview] [ID=83] [Student App › Incidents] Link: &quot;How to Attach More Evidences After Reporting&quot; | H1: &quot;How to Attach More Evidences After Reporting an Incident&quot; | URL: https://docs.jiverjinx.com/student-app/incidents/attach-evidence/ expected [true] but found [false]" type="java.lang.AssertionError">
      <![CDATA[java.lang.AssertionError: The following asserts failed:
[Student App Overview] [ID=29] [School Web Portal › Incidents] Link: "How to View and Add People Involved" | H1: "How to View and Add People Involved in Incident" | URL: https://docs.jiverjinx.com/web-portal/features/incidents/people-involved/ expected [true] but found [false],
[Student App Overview] [ID=40] [School Web Portal › School] Link: "How to Update a School Logo?" | H1: "How to Update a School Logo" | URL: https://docs.jiverjinx.com/web-portal/features/school/update-logo/ expected [true] but found [false],
[Student App Overview] [ID=41] [School Web Portal › School] Link: "How to Change School Name and Contact Details?" | H1: "How to Change School Name and Contact Details" | URL: https://docs.jiverjinx.com/web-portal/features/school/change-name-contact/ expected [true] but found [false],
[Student App Overview] [ID=42] [School Web Portal › School] Link: "How to Set a Brand Color of the School?" | H1: "How to Set a Brand Color of the School" | URL: https://docs.jiverjinx.com/web-portal/features/school/set-brand-color/ expected [true] but found [false],
[Student App Overview] [ID=43] [School Web Portal › School] Link: "How to Configure Grade and Class Globally?" | H1: "How to Configure Grade and Class Globally" | URL: https://docs.jiverjinx.com/web-portal/features/school/configure-grade-class/ expected [true] but found [false],
[Student App Overview] [ID=56] [School Web Portal › Chat Groups] Link: "How to Add or Remove Student Representative" | H1: "How to Add or Remove Student Representatives" | URL: https://docs.jiverjinx.com/web-portal/features/chat-groups/manage-representatives/ expected [true] but found [false],
[Student App Overview] [ID=82] [Student App › Incidents] Link: "What Does Requested Confidentiality Mean" | H1: "What Does Requested Confidentiality Mean?" | URL: https://docs.jiverjinx.com/student-app/incidents/requested-confidentiality/ expected [true] but found [false],
[Student App Overview] [ID=83] [Student App › Incidents] Link: "How to Attach More Evidences After Reporting" | H1: "How to Attach More Evidences After Reporting an Incident" | URL: https://docs.jiverjinx.com/student-app/incidents/attach-evidence/ expected [true] but found [false]
at org.testng.asserts.SoftAssert.assertAll(SoftAssert.java:46)
at org.testng.asserts.SoftAssert.assertAll(SoftAssert.java:30)
at com.jiverjinxDocs.tests.RedirectTest.runExcelDrivenAudit(RedirectTest.java:157)
at com.jiverjinxDocs.tests.RedirectTest.verifyStudentAppOverviewSideNav(RedirectTest.java:108)
at java.base/jdk.internal.reflect.DirectMethodHandleAccessor.invoke(DirectMethodHandleAccessor.java:103)
at java.base/java.lang.reflect.Method.invoke(Method.java:580)
at org.testng.internal.invokers.MethodInvocationHelper.invokeMethod(MethodInvocationHelper.java:141)
at org.testng.internal.invokers.TestInvoker.invokeMethod(TestInvoker.java:687)
at org.testng.internal.invokers.TestInvoker.invokeTestMethod(TestInvoker.java:230)
at org.testng.internal.invokers.MethodRunner.runInSequence(MethodRunner.java:63)
at org.testng.internal.invokers.TestInvoker$MethodInvocationAgent.invoke(TestInvoker.java:995)
at org.testng.internal.invokers.TestInvoker.invokeTestMethods(TestInvoker.java:203)
at org.testng.internal.invokers.TestMethodWorker.invokeTestMethods(TestMethodWorker.java:154)
at org.testng.internal.invokers.TestMethodWorker.run(TestMethodWorker.java:134)
at java.base/java.util.ArrayList.forEach(ArrayList.java:1596)
at org.testng.TestRunner.privateRun(TestRunner.java:741)
at org.testng.TestRunner.run(TestRunner.java:616)
at org.testng.SuiteRunner.runTest(SuiteRunner.java:421)
at org.testng.SuiteRunner.runSequentially(SuiteRunner.java:413)
at org.testng.SuiteRunner.privateRun(SuiteRunner.java:373)
at org.testng.SuiteRunner.run(SuiteRunner.java:312)
at org.testng.SuiteRunnerWorker.runSuite(SuiteRunnerWorker.java:52)
at org.testng.SuiteRunnerWorker.run(SuiteRunnerWorker.java:95)
at org.testng.TestNG.runSuitesSequentially(TestNG.java:1274)
at org.testng.TestNG.runSuitesLocally(TestNG.java:1208)
at org.testng.TestNG.runSuites(TestNG.java:1112)
at org.testng.TestNG.run(TestNG.java:1079)
at org.testng.remote.AbstractRemoteTestNG.run(AbstractRemoteTestNG.java:115)
at org.testng.remote.RemoteTestNG.initAndRun(RemoteTestNG.java:293)
at org.testng.remote.RemoteTestNG.main(RemoteTestNG.java:91)
]]>
    </failure>
  </testcase> <!-- verifyStudentAppOverviewSideNav -->
  <testcase classname="com.jiverjinxDocs.tests.RedirectTest" name="verifyHomePageGuideButtons" time="7.322"/>
  <testcase classname="com.jiverjinxDocs.tests.RedirectTest" name="verifyWebPortalOverviewSideNav" time="14.120">
    <failure message="The following asserts failed:
	[Web Portal Overview] [ID=29] [School Web Portal › Incidents] Link: &quot;How to View and Add People Involved&quot; | H1: &quot;How to View and Add People Involved in Incident&quot; | URL: https://docs.jiverjinx.com/web-portal/features/incidents/people-involved/ expected [true] but found [false],
	[Web Portal Overview] [ID=40] [School Web Portal › School] Link: &quot;How to Update a School Logo?&quot; | H1: &quot;How to Update a School Logo&quot; | URL: https://docs.jiverjinx.com/web-portal/features/school/update-logo/ expected [true] but found [false],
	[Web Portal Overview] [ID=41] [School Web Portal › School] Link: &quot;How to Change School Name and Contact Details?&quot; | H1: &quot;How to Change School Name and Contact Details&quot; | URL: https://docs.jiverjinx.com/web-portal/features/school/change-name-contact/ expected [true] but found [false],
	[Web Portal Overview] [ID=42] [School Web Portal › School] Link: &quot;How to Set a Brand Color of the School?&quot; | H1: &quot;How to Set a Brand Color of the School&quot; | URL: https://docs.jiverjinx.com/web-portal/features/school/set-brand-color/ expected [true] but found [false],
	[Web Portal Overview] [ID=43] [School Web Portal › School] Link: &quot;How to Configure Grade and Class Globally?&quot; | H1: &quot;How to Configure Grade and Class Globally&quot; | URL: https://docs.jiverjinx.com/web-portal/features/school/configure-grade-class/ expected [true] but found [false],
	[Web Portal Overview] [ID=56] [School Web Portal › Chat Groups] Link: &quot;How to Add or Remove Student Representative&quot; | H1: &quot;How to Add or Remove Student Representatives&quot; | URL: https://docs.jiverjinx.com/web-portal/features/chat-groups/manage-representatives/ expected [true] but found [false],
	[Web Portal Overview] [ID=82] [Student App › Incidents] Link: &quot;What Does Requested Confidentiality Mean&quot; | H1: &quot;What Does Requested Confidentiality Mean?&quot; | URL: https://docs.jiverjinx.com/student-app/incidents/requested-confidentiality/ expected [true] but found [false],
	[Web Portal Overview] [ID=83] [Student App › Incidents] Link: &quot;How to Attach More Evidences After Reporting&quot; | H1: &quot;How to Attach More Evidences After Reporting an Incident&quot; | URL: https://docs.jiverjinx.com/student-app/incidents/attach-evidence/ expected [true] but found [false]" type="java.lang.AssertionError">
      <![CDATA[java.lang.AssertionError: The following asserts failed:
[Web Portal Overview] [ID=29] [School Web Portal › Incidents] Link: "How to View and Add People Involved" | H1: "How to View and Add People Involved in Incident" | URL: https://docs.jiverjinx.com/web-portal/features/incidents/people-involved/ expected [true] but found [false],
[Web Portal Overview] [ID=40] [School Web Portal › School] Link: "How to Update a School Logo?" | H1: "How to Update a School Logo" | URL: https://docs.jiverjinx.com/web-portal/features/school/update-logo/ expected [true] but found [false],
[Web Portal Overview] [ID=41] [School Web Portal › School] Link: "How to Change School Name and Contact Details?" | H1: "How to Change School Name and Contact Details" | URL: https://docs.jiverjinx.com/web-portal/features/school/change-name-contact/ expected [true] but found [false],
[Web Portal Overview] [ID=42] [School Web Portal › School] Link: "How to Set a Brand Color of the School?" | H1: "How to Set a Brand Color of the School" | URL: https://docs.jiverjinx.com/web-portal/features/school/set-brand-color/ expected [true] but found [false],
[Web Portal Overview] [ID=43] [School Web Portal › School] Link: "How to Configure Grade and Class Globally?" | H1: "How to Configure Grade and Class Globally" | URL: https://docs.jiverjinx.com/web-portal/features/school/configure-grade-class/ expected [true] but found [false],
[Web Portal Overview] [ID=56] [School Web Portal › Chat Groups] Link: "How to Add or Remove Student Representative" | H1: "How to Add or Remove Student Representatives" | URL: https://docs.jiverjinx.com/web-portal/features/chat-groups/manage-representatives/ expected [true] but found [false],
[Web Portal Overview] [ID=82] [Student App › Incidents] Link: "What Does Requested Confidentiality Mean" | H1: "What Does Requested Confidentiality Mean?" | URL: https://docs.jiverjinx.com/student-app/incidents/requested-confidentiality/ expected [true] but found [false],
[Web Portal Overview] [ID=83] [Student App › Incidents] Link: "How to Attach More Evidences After Reporting" | H1: "How to Attach More Evidences After Reporting an Incident" | URL: https://docs.jiverjinx.com/student-app/incidents/attach-evidence/ expected [true] but found [false]
at org.testng.asserts.SoftAssert.assertAll(SoftAssert.java:46)
at org.testng.asserts.SoftAssert.assertAll(SoftAssert.java:30)
at com.jiverjinxDocs.tests.RedirectTest.runExcelDrivenAudit(RedirectTest.java:157)
at com.jiverjinxDocs.tests.RedirectTest.verifyWebPortalOverviewSideNav(RedirectTest.java:119)
at java.base/jdk.internal.reflect.DirectMethodHandleAccessor.invoke(DirectMethodHandleAccessor.java:103)
at java.base/java.lang.reflect.Method.invoke(Method.java:580)
at org.testng.internal.invokers.MethodInvocationHelper.invokeMethod(MethodInvocationHelper.java:141)
at org.testng.internal.invokers.TestInvoker.invokeMethod(TestInvoker.java:687)
at org.testng.internal.invokers.TestInvoker.invokeTestMethod(TestInvoker.java:230)
at org.testng.internal.invokers.MethodRunner.runInSequence(MethodRunner.java:63)
at org.testng.internal.invokers.TestInvoker$MethodInvocationAgent.invoke(TestInvoker.java:995)
at org.testng.internal.invokers.TestInvoker.invokeTestMethods(TestInvoker.java:203)
at org.testng.internal.invokers.TestMethodWorker.invokeTestMethods(TestMethodWorker.java:154)
at org.testng.internal.invokers.TestMethodWorker.run(TestMethodWorker.java:134)
at java.base/java.util.ArrayList.forEach(ArrayList.java:1596)
at org.testng.TestRunner.privateRun(TestRunner.java:741)
at org.testng.TestRunner.run(TestRunner.java:616)
at org.testng.SuiteRunner.runTest(SuiteRunner.java:421)
at org.testng.SuiteRunner.runSequentially(SuiteRunner.java:413)
at org.testng.SuiteRunner.privateRun(SuiteRunner.java:373)
at org.testng.SuiteRunner.run(SuiteRunner.java:312)
at org.testng.SuiteRunnerWorker.runSuite(SuiteRunnerWorker.java:52)
at org.testng.SuiteRunnerWorker.run(SuiteRunnerWorker.java:95)
at org.testng.TestNG.runSuitesSequentially(TestNG.java:1274)
at org.testng.TestNG.runSuitesLocally(TestNG.java:1208)
at org.testng.TestNG.runSuites(TestNG.java:1112)
at org.testng.TestNG.run(TestNG.java:1079)
at org.testng.remote.AbstractRemoteTestNG.run(AbstractRemoteTestNG.java:115)
at org.testng.remote.RemoteTestNG.initAndRun(RemoteTestNG.java:293)
at org.testng.remote.RemoteTestNG.main(RemoteTestNG.java:91)
]]>
    </failure>
  </testcase> <!-- verifyWebPortalOverviewSideNav -->
  <testcase classname="com.jiverjinxDocs.tests.RedirectTest" name="verifyHomePageLinks" time="8.086">
    <failure message="The following asserts failed:
	Mismatch — Link: &quot;Registration&quot; | H1: &quot;Overview&quot; | URL: https://docs.jiverjinx.com/web-portal/features/registration/overview/ expected [true] but found [false],
	Mismatch — Link: &quot;Incidents&quot; | H1: &quot;Overview&quot; | URL: https://docs.jiverjinx.com/web-portal/features/incidents/overview/ expected [true] but found [false],
	Mismatch — Link: &quot;Getting Started&quot; | H1: &quot;Student App Overview&quot; | URL: https://docs.jiverjinx.com/getting-started/student-app-overview/ expected [true] but found [false],
	Mismatch — Link: &quot;Registration&quot; | H1: &quot;Overview&quot; | URL: https://docs.jiverjinx.com/student-app/registration/overview/ expected [true] but found [false],
	Mismatch — Link: &quot;Incidents&quot; | H1: &quot;Overview&quot; | URL: https://docs.jiverjinx.com/student-app/incidents/overview/ expected [true] but found [false]" type="java.lang.AssertionError">
      <![CDATA[java.lang.AssertionError: The following asserts failed:
Mismatch — Link: "Registration" | H1: "Overview" | URL: https://docs.jiverjinx.com/web-portal/features/registration/overview/ expected [true] but found [false],
Mismatch — Link: "Incidents" | H1: "Overview" | URL: https://docs.jiverjinx.com/web-portal/features/incidents/overview/ expected [true] but found [false],
Mismatch — Link: "Getting Started" | H1: "Student App Overview" | URL: https://docs.jiverjinx.com/getting-started/student-app-overview/ expected [true] but found [false],
Mismatch — Link: "Registration" | H1: "Overview" | URL: https://docs.jiverjinx.com/student-app/registration/overview/ expected [true] but found [false],
Mismatch — Link: "Incidents" | H1: "Overview" | URL: https://docs.jiverjinx.com/student-app/incidents/overview/ expected [true] but found [false]
at org.testng.asserts.SoftAssert.assertAll(SoftAssert.java:46)
at org.testng.asserts.SoftAssert.assertAll(SoftAssert.java:30)
at com.jiverjinxDocs.tests.RedirectTest.verifyHomePageLinks(RedirectTest.java:99)
at java.base/jdk.internal.reflect.DirectMethodHandleAccessor.invoke(DirectMethodHandleAccessor.java:103)
at java.base/java.lang.reflect.Method.invoke(Method.java:580)
at org.testng.internal.invokers.MethodInvocationHelper.invokeMethod(MethodInvocationHelper.java:141)
at org.testng.internal.invokers.TestInvoker.invokeMethod(TestInvoker.java:687)
at org.testng.internal.invokers.TestInvoker.invokeTestMethod(TestInvoker.java:230)
at org.testng.internal.invokers.MethodRunner.runInSequence(MethodRunner.java:63)
at org.testng.internal.invokers.TestInvoker$MethodInvocationAgent.invoke(TestInvoker.java:995)
at org.testng.internal.invokers.TestInvoker.invokeTestMethods(TestInvoker.java:203)
at org.testng.internal.invokers.TestMethodWorker.invokeTestMethods(TestMethodWorker.java:154)
at org.testng.internal.invokers.TestMethodWorker.run(TestMethodWorker.java:134)
at java.base/java.util.ArrayList.forEach(ArrayList.java:1596)
at org.testng.TestRunner.privateRun(TestRunner.java:741)
at org.testng.TestRunner.run(TestRunner.java:616)
at org.testng.SuiteRunner.runTest(SuiteRunner.java:421)
at org.testng.SuiteRunner.runSequentially(SuiteRunner.java:413)
at org.testng.SuiteRunner.privateRun(SuiteRunner.java:373)
at org.testng.SuiteRunner.run(SuiteRunner.java:312)
at org.testng.SuiteRunnerWorker.runSuite(SuiteRunnerWorker.java:52)
at org.testng.SuiteRunnerWorker.run(SuiteRunnerWorker.java:95)
at org.testng.TestNG.runSuitesSequentially(TestNG.java:1274)
at org.testng.TestNG.runSuitesLocally(TestNG.java:1208)
at org.testng.TestNG.runSuites(TestNG.java:1112)
at org.testng.TestNG.run(TestNG.java:1079)
at org.testng.remote.AbstractRemoteTestNG.run(AbstractRemoteTestNG.java:115)
at org.testng.remote.RemoteTestNG.initAndRun(RemoteTestNG.java:293)
at org.testng.remote.RemoteTestNG.main(RemoteTestNG.java:91)
]]>
    </failure>
  </testcase> <!-- verifyHomePageLinks -->
</testsuite> <!-- com.jiverjinxDocs.tests.RedirectTest -->
